[debug] [2022-12-31T11:22:33.858Z] ----------------------------------------------------------------------
[debug] [2022-12-31T11:22:33.861Z] Command:       C:\software download\Node js\node.exe C:\Users\utkar\AppData\Roaming\npm\node_modules\firebase-tools\lib\bin\firebase.js init
[debug] [2022-12-31T11:22:33.862Z] CLI Version:   11.19.0
[debug] [2022-12-31T11:22:33.862Z] Platform:      win32
[debug] [2022-12-31T11:22:33.863Z] Node Version:  v16.16.0
[debug] [2022-12-31T11:22:33.864Z] Time:          Sat Dec 31 2022 16:52:33 GMT+0530 (India Standard Time)
[debug] [2022-12-31T11:22:33.865Z] ----------------------------------------------------------------------
[debug] 
[debug] [2022-12-31T11:22:34.011Z] > command requires scopes: ["email","openid","https://www.googleapis.com/auth/cloudplatformprojects.readonly","https://www.googleapis.com/auth/firebase","https://www.googleapis.com/auth/cloud-platform"]
[debug] [2022-12-31T11:22:34.012Z] > authorizing via signed-in user (utkarshgupta04092003@gmail.com)
[info] 
     ######## #### ########  ######## ########     ###     ######  ########
     ##        ##  ##     ## ##       ##     ##  ##   ##  ##       ##
     ######    ##  ########  ######   ########  #########  ######  ######
     ##        ##  ##    ##  ##       ##     ## ##     ##       ## ##
     ##       #### ##     ## ######## ########  ##     ##  ######  ########

You're about to initialize a Firebase project in this directory:

  C:\React Projects\user-collections

Before we get started, keep in mind:

  * You are currently outside your home directory
  * You are initializing within an existing Firebase project directory

[info] 
=== Project Setup
[info] 
[info] First, let's associate this project directory with a Firebase project.
[info] You can create multiple project aliases by running firebase use --add, 
[info] but for now we'll just set up a default project.
[info] 
[debug] [2022-12-31T11:22:44.362Z] Using project from CLI flag: user-collections-1
[debug] [2022-12-31T11:22:44.367Z] >>> [apiv2][query] GET https://firebase.googleapis.com/v1beta1/projects/user-collections-1 [none]
[debug] [2022-12-31T11:22:45.106Z] <<< [apiv2][status] GET https://firebase.googleapis.com/v1beta1/projects/user-collections-1 200
[debug] [2022-12-31T11:22:45.107Z] <<< [apiv2][body] GET https://firebase.googleapis.com/v1beta1/projects/user-collections-1 {"projectId":"user-collections-1","projectNumber":"907285656691","displayName":"user-collections","name":"projects/user-collections-1","resources":{"hostingSite":"user-collections-1"},"state":"ACTIVE","etag":"1_0e044f22-101b-4007-99bd-61a5e55ed93b"}
[info] i  Using project user-collections-1 (user-collections) 
[info] 
=== Hosting Setup
[info] 
[info] Your public directory is the folder (relative to your project directory) that
[info] will contain Hosting assets to be uploaded with firebase deploy. If you
[info] have a build process for your assets, use your build's output directory.
[info] 
[info] +  Wrote public/404.html 
[debug] [2022-12-31T11:24:45.059Z] >>> [apiv2][query] GET https://www.gstatic.com/firebasejs/releases.json [none]
[debug] [2022-12-31T11:24:45.378Z] <<< [apiv2][status] GET https://www.gstatic.com/firebasejs/releases.json 200
[debug] [2022-12-31T11:24:45.379Z] <<< [apiv2][body] GET https://www.gstatic.com/firebasejs/releases.json {"current":{"version":"9.15.0","browserURL":"https://www.gstatic.com/firebasejs/9.15.0/firebase.js","packageURL":"https://www.gstatic.com/firebasejs/9.15.0/firebase.tgz"},"live":{"version":"9.15","browserURL":"https://www.gstatic.com/firebasejs/live/9.15/firebase.js","packageURL":"https://www.gstatic.com/firebasejs/live/9.15/firebase.tgz"},"components":{"analytics":"https://www.gstatic.com/firebasejs/9.15.0/firebase-analytics.js","app":"https://www.gstatic.com/firebasejs/9.15.0/firebase-app.js","app-check":"https://www.gstatic.com/firebasejs/9.15.0/firebase-app-check.js","auth":"https://www.gstatic.com/firebasejs/9.15.0/firebase-auth.js","auth/cordova":"https://www.gstatic.com/firebasejs/9.15.0/firebase-auth/cordova.js","auth/react-native":"https://www.gstatic.com/firebasejs/9.15.0/firebase-auth/react-native.js","functions":"https://www.gstatic.com/firebasejs/9.15.0/firebase-functions.js","firestore":"https://www.gstatic.com/firebasejs/9.15.0/firebase-firestore.js","firestore/lite":"https://www.gstatic.com/firebasejs/9.15.0/firebase-firestore/lite.js","installations":"https://www.gstatic.com/firebasejs/9.15.0/firebase-installations.js","storage":"https://www.gstatic.com/firebasejs/9.15.0/firebase-storage.js","performance":"https://www.gstatic.com/firebasejs/9.15.0/firebase-performance.js","remote-config":"https://www.gstatic.com/firebasejs/9.15.0/firebase-remote-config.js","messaging":"https://www.gstatic.com/firebasejs/9.15.0/firebase-messaging.js","messaging/sw":"https://www.gstatic.com/firebasejs/9.15.0/firebase-messaging/sw.js","database":"https://www.gstatic.com/firebasejs/9.15.0/firebase-database.js","firestore.memory":"https://www.gstatic.com/firebasejs/9.15.0/firebase-firestore.memory.js"}}
[info] i  Skipping write of public/index.html 
[info] 
[info] i  Detected a .git folder at C:\React Projects\user-collections 
[info] i  Authorizing with GitHub to upload your service account to a GitHub repository's secrets store. 
[info] 
[info] Visit this URL on this device to log in:
[info] https://github.com/login/oauth/authorize?client_id=89cf50f02ac6aaed3484&state=735205286&redirect_uri=http%3A%2F%2Flocalhost%3A9005&scope=read%3Auser%20repo%20public_repo
[info] 
[info] Waiting for authentication...
[debug] [2022-12-31T11:24:54.924Z] >>> [apiv2][query] POST https://github.com/login/oauth/access_token [none]
[debug] [2022-12-31T11:24:54.924Z] >>> [apiv2][body] POST https://github.com/login/oauth/access_token [stream]
[debug] [2022-12-31T11:24:55.491Z] <<< [apiv2][status] POST https://github.com/login/oauth/access_token 200
[debug] [2022-12-31T11:24:55.492Z] <<< [apiv2][body] POST https://github.com/login/oauth/access_token {"access_token":"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","token_type":"bearer","scope":"read:user,repo"}
[debug] [2022-12-31T11:24:55.512Z] >>> [apiv2][query] GET https://api.github.com/user [none]
[debug] [2022-12-31T11:24:56.141Z] <<< [apiv2][status] GET https://api.github.com/user 200
[debug] [2022-12-31T11:24:56.142Z] <<< [apiv2][body] GET https://api.github.com/user {"login":"utkarshgupta04092003","id":63789702,"node_id":"MDQ6VXNlcjYzNzg5NzAy","avatar_url":"https://avatars.githubusercontent.com/u/63789702?v=4","gravatar_id":"","url":"https://api.github.com/users/utkarshgupta04092003","html_url":"https://github.com/utkarshgupta04092003","followers_url":"https://api.github.com/users/utkarshgupta04092003/followers","following_url":"https://api.github.com/users/utkarshgupta04092003/following{/other_user}","gists_url":"https://api.github.com/users/utkarshgupta04092003/gists{/gist_id}","starred_url":"https://api.github.com/users/utkarshgupta04092003/starred{/owner}{/repo}","subscriptions_url":"https://api.github.com/users/utkarshgupta04092003/subscriptions","organizations_url":"https://api.github.com/users/utkarshgupta04092003/orgs","repos_url":"https://api.github.com/users/utkarshgupta04092003/repos","events_url":"https://api.github.com/users/utkarshgupta04092003/events{/privacy}","received_events_url":"https://api.github.com/users/utkarshgupta04092003/received_events","type":"User","site_admin":false,"name":"Utkarsh Gupta","company":"Greetai.epizy.com","blog":"https://www.linkedin.com/in/utkarsh-gupta-9a49561a1/","location":null,"email":null,"hireable":null,"bio":"Hi,\r\nI UTKARSH GUPTA a final-year student of Dr. Rammanohar Lohia Avadh University, Ayodhya.\r\nFuture FullStack Developer.","twitter_username":null,"public_repos":46,"public_gists":0,"followers":2,"following":0,"created_at":"2020-04-16T11:37:00Z","updated_at":"2022-12-04T13:11:27Z","private_gists":0,"total_private_repos":3,"owned_private_repos":3,"disk_usage":46969,"collaborators":0,"two_factor_authentication":false,"plan":{"name":"pro","space":976562499,"collaborators":0,"private_repos":9999}}
[info] 
[info] +  Success! Logged into GitHub as utkarshgupta04092003 
[info] 
